[1129/112639.539:ERROR:settings.cc(320)] Settings magic is not 1129342067
[1129/113639.648:ERROR:directory_reader_win.cc(43)] FindFirstFile: The system cannot find the path specified. (0x3)
[1130/213526.030:ERROR:directory_reader_win.cc(43)] FindFirstFile: The system cannot find the path specified. (0x3)
[1130/231303.884:ERROR:process_reader_win.cc(151)] SuspendThread: Access is denied. (0x5)
[1130/231303.884:ERROR:process_reader_win.cc(151)] SuspendThread: Access is denied. (0x5)
[1130/231303.884:ERROR:process_reader_win.cc(151)] SuspendThread: Access is denied. (0x5)
[1130/231303.884:ERROR:process_reader_win.cc(151)] SuspendThread: Access is denied. (0x5)
[1130/231303.884:ERROR:process_reader_win.cc(151)] SuspendThread: Access is denied. (0x5)
[1130/231303.884:ERROR:process_reader_win.cc(151)] SuspendThread: Access is denied. (0x5)
[1130/231303.884:ERROR:process_reader_win.cc(151)] SuspendThread: Access is denied. (0x5)
[1130/231303.884:ERROR:process_reader_win.cc(151)] SuspendThread: Access is denied. (0x5)
[1130/231303.884:ERROR:process_reader_win.cc(151)] SuspendThread: Access is denied. (0x5)
[1130/231303.884:ERROR:process_reader_win.cc(123)] NtOpenThread: {Access Denied} A process has requested access to an object, but has not been granted those access rights. (0xc0000022)
[1130/231303.884:ERROR:exception_snapshot_win.cc(99)] thread ID 10340 not found in process
[1130/231304.025:ERROR:process_reader_win.cc(151)] SuspendThread: Access is denied. (0x5)
[1130/231304.025:ERROR:process_reader_win.cc(151)] SuspendThread: Access is denied. (0x5)
[1130/231304.025:ERROR:process_reader_win.cc(151)] SuspendThread: Access is denied. (0x5)
[1130/231304.025:ERROR:process_reader_win.cc(151)] SuspendThread: Access is denied. (0x5)
[1130/231304.025:ERROR:process_reader_win.cc(151)] SuspendThread: Access is denied. (0x5)
[1130/231304.025:ERROR:process_reader_win.cc(151)] SuspendThread: Access is denied. (0x5)
[1130/231304.025:ERROR:process_reader_win.cc(151)] SuspendThread: Access is denied. (0x5)
[1130/231304.025:ERROR:process_reader_win.cc(151)] SuspendThread: Access is denied. (0x5)
[1130/231304.025:ERROR:process_reader_win.cc(151)] SuspendThread: Access is denied. (0x5)
[1130/231304.025:ERROR:process_reader_win.cc(151)] SuspendThread: Access is denied. (0x5)
[1130/231304.025:ERROR:process_reader_win.cc(151)] SuspendThread: Access is denied. (0x5)
[1130/231304.025:ERROR:process_reader_win.cc(123)] NtOpenThread: {Access Denied} A process has requested access to an object, but has not been granted those access rights. (0xc0000022)
[1130/231304.025:ERROR:exception_snapshot_win.cc(99)] thread ID 4224 not found in process
[1223/221222.791:ERROR:directory_reader_win.cc(43)] FindFirstFile: The system cannot find the path specified. (0x3)
[1223/234749.817:ERROR:process_reader_win.cc(151)] SuspendThread: Access is denied. (0x5)
[1223/234749.817:ERROR:process_reader_win.cc(151)] SuspendThread: Access is denied. (0x5)
[1223/234749.817:ERROR:process_reader_win.cc(151)] SuspendThread: Access is denied. (0x5)
[1223/234749.817:ERROR:process_reader_win.cc(151)] SuspendThread: Access is denied. (0x5)
[1223/234749.817:ERROR:process_reader_win.cc(151)] SuspendThread: Access is denied. (0x5)
[1223/234749.817:ERROR:process_reader_win.cc(151)] SuspendThread: Access is denied. (0x5)
[1223/234749.817:ERROR:process_reader_win.cc(151)] SuspendThread: Access is denied. (0x5)
[1223/234749.817:ERROR:process_reader_win.cc(151)] SuspendThread: Access is denied. (0x5)
[1223/234749.817:ERROR:process_reader_win.cc(151)] SuspendThread: Access is denied. (0x5)
[1223/234749.817:ERROR:process_reader_win.cc(151)] SuspendThread: Access is denied. (0x5)
[1223/234749.817:ERROR:process_reader_win.cc(151)] SuspendThread: Access is denied. (0x5)
[1223/234749.817:ERROR:process_reader_win.cc(123)] NtOpenThread: {Access Denied} A process has requested access to an object, but has not been granted those access rights. (0xc0000022)
[1223/234749.833:ERROR:exception_snapshot_win.cc(99)] thread ID 8680 not found in process
[1223/234749.848:ERROR:process_reader_win.cc(123)] NtOpenThread: {Access Denied} A process has requested access to an object, but has not been granted those access rights. (0xc0000022)
[1223/234749.848:ERROR:exception_snapshot_win.cc(99)] thread ID 9528 not found in process
